# JRE version: Java(TM) SE Runtime Environment (12.0.1+12) (build 12.0.1+12)
# Java VM: Java HotSpot(TM) 64-Bit Server VM (12.0.1+12, mixed mode, sharing, tiered, compressed oops, g1 gc, windows-amd64)
Heap:
 garbage-first heap   total 79872K, used 41424K [0x00000000c1200000, 0x0000000100000000)
  region size 1024K, 20 young (20480K), 2 survivors (2048K)
 Metaspace       used 48653K, capacity 49855K, committed 49996K, reserved 1091584K
  class space    used 6685K, capacity 7163K, committed 7244K, reserved 1048576K
GC Heap History (10 events):
Event: 10.006 GC heap before
{Heap before GC invocations=12 (full 0):
 garbage-first heap   total 66560K, used 50327K [0x00000000c1200000, 0x0000000100000000)
  region size 1024K, 37 young (37888K), 4 survivors (4096K)
 Metaspace       used 31219K, capacity 32344K, committed 32512K, reserved 1077248K
  class space    used 4132K, capacity 4555K, committed 4608K, reserved 1048576K
}
Event: 10.023 GC heap after
{Heap after GC invocations=13 (full 0):
 garbage-first heap   total 66560K, used 18229K [0x00000000c1200000, 0x0000000100000000)
  region size 1024K, 3 young (3072K), 3 survivors (3072K)
 Metaspace       used 31219K, capacity 32344K, committed 32512K, reserved 1077248K
  class space    used 4132K, capacity 4555K, committed 4608K, reserved 1048576K
}
Event: 10.709 GC heap before
{Heap before GC invocations=13 (full 0):
 garbage-first heap   total 66560K, used 46901K [0x00000000c1200000, 0x0000000100000000)
  region size 1024K, 32 young (32768K), 3 survivors (3072K)
 Metaspace       used 34637K, capacity 35770K, committed 35840K, reserved 1081344K
  class space    used 4493K, capacity 4929K, committed 4992K, reserved 1048576K
}
Event: 10.720 GC heap after
{Heap after GC invocations=14 (full 0):
 garbage-first heap   total 66560K, used 19915K [0x00000000c1200000, 0x0000000100000000)
  region size 1024K, 4 young (4096K), 4 survivors (4096K)
 Metaspace       used 34637K, capacity 35770K, committed 35840K, reserved 1081344K
  class space    used 4493K, capacity 4929K, committed 4992K, reserved 1048576K
}
Event: 11.374 GC heap before
{Heap before GC invocations=15 (full 0):
 garbage-first heap   total 66560K, used 50635K [0x00000000c1200000, 0x0000000100000000)
  region size 1024K, 34 young (34816K), 4 survivors (4096K)
 Metaspace       used 38318K, capacity 39528K, committed 39628K, reserved 1083392K
  class space    used 5047K, capacity 5519K, committed 5580K, reserved 1048576K
}
Event: 11.385 GC heap after
{Heap after GC invocations=16 (full 0):
 garbage-first heap   total 79872K, used 22066K [0x00000000c1200000, 0x0000000100000000)
  region size 1024K, 4 young (4096K), 4 survivors (4096K)
 Metaspace       used 38318K, capacity 39528K, committed 39628K, reserved 1083392K
  class space    used 5047K, capacity 5519K, committed 5580K, reserved 1048576K
}
Event: 12.352 GC heap before
{Heap before GC invocations=16 (full 0):
 garbage-first heap   total 79872K, used 57906K [0x00000000c1200000, 0x0000000100000000)
  region size 1024K, 39 young (39936K), 4 survivors (4096K)
 Metaspace       used 42610K, capacity 43770K, committed 43852K, reserved 1087488K
  class space    used 5762K, capacity 6208K, committed 6220K, reserved 1048576K
}
Event: 12.361 GC heap after
{Heap after GC invocations=17 (full 0):
 garbage-first heap   total 79872K, used 23544K [0x00000000c1200000, 0x0000000100000000)
  region size 1024K, 4 young (4096K), 4 survivors (4096K)
 Metaspace       used 42610K, capacity 43770K, committed 43852K, reserved 1087488K
  class space    used 5762K, capacity 6208K, committed 6220K, reserved 1048576K
}
Event: 12.977 GC heap before
{Heap before GC invocations=17 (full 0):
 garbage-first heap   total 79872K, used 59384K [0x00000000c1200000, 0x0000000100000000)
  region size 1024K, 39 young (39936K), 4 survivors (4096K)
 Metaspace       used 46707K, capacity 47954K, committed 48204K, reserved 1091584K
  class space    used 6388K, capacity 6897K, committed 6988K, reserved 1048576K
}
Event: 12.990 GC heap after
{Heap after GC invocations=18 (full 0):
 garbage-first heap   total 79872K, used 24016K [0x00000000c1200000, 0x0000000100000000)
  region size 1024K, 2 young (2048K), 2 survivors (2048K)
 Metaspace       used 46707K, capacity 47954K, committed 48204K, reserved 1091584K
  class space    used 6388K, capacity 6897K, committed 6988K, reserved 1048576K
}

