# JRE version: Java(TM) SE Runtime Environment (12.0.1+12) (build 12.0.1+12)
# Java VM: Java HotSpot(TM) 64-Bit Server VM (12.0.1+12, mixed mode, sharing, tiered, compressed oops, g1 gc, windows-amd64)
Heap:
 garbage-first heap   total 107520K, used 40860K [0x00000000c1200000, 0x0000000100000000)
  region size 1024K, 17 young (17408K), 6 survivors (6144K)
 Metaspace       used 57904K, capacity 59426K, committed 59648K, reserved 1099776K
  class space    used 7727K, capacity 8326K, committed 8448K, reserved 1048576K
GC Heap History (10 events):
Event: 20.274 GC heap before
{Heap before GC invocations=21 (full 0):
 garbage-first heap   total 89088K, used 59106K [0x00000000c1200000, 0x0000000100000000)
  region size 1024K, 37 young (37888K), 3 survivors (3072K)
 Metaspace       used 44421K, capacity 45656K, committed 45824K, reserved 1089536K
  class space    used 5833K, capacity 6300K, committed 6400K, reserved 1048576K
}
Event: 20.286 GC heap after
{Heap after GC invocations=22 (full 0):
 garbage-first heap   total 89088K, used 25147K [0x00000000c1200000, 0x0000000100000000)
  region size 1024K, 3 young (3072K), 3 survivors (3072K)
 Metaspace       used 44421K, capacity 45656K, committed 45824K, reserved 1089536K
  class space    used 5833K, capacity 6300K, committed 6400K, reserved 1048576K
}
Event: 21.544 GC heap before
{Heap before GC invocations=22 (full 0):
 garbage-first heap   total 89088K, used 59963K [0x00000000c1200000, 0x0000000100000000)
  region size 1024K, 37 young (37888K), 3 survivors (3072K)
 Metaspace       used 48792K, capacity 50027K, committed 50176K, reserved 1093632K
  class space    used 6389K, capacity 6882K, committed 6912K, reserved 1048576K
}
Event: 21.558 GC heap after
{Heap after GC invocations=23 (full 0):
 garbage-first heap   total 89088K, used 25939K [0x00000000c1200000, 0x0000000100000000)
  region size 1024K, 4 young (4096K), 4 survivors (4096K)
 Metaspace       used 48792K, capacity 50027K, committed 50176K, reserved 1093632K
  class space    used 6389K, capacity 6882K, committed 6912K, reserved 1048576K
}
Event: 22.908 GC heap before
{Heap before GC invocations=23 (full 0):
 garbage-first heap   total 89088K, used 61779K [0x00000000c1200000, 0x0000000100000000)
  region size 1024K, 39 young (39936K), 4 survivors (4096K)
 Metaspace       used 52596K, capacity 53858K, committed 54144K, reserved 1095680K
  class space    used 7024K, capacity 7513K, committed 7552K, reserved 1048576K
}
Event: 22.923 GC heap after
{Heap after GC invocations=24 (full 0):
 garbage-first heap   total 89088K, used 26763K [0x00000000c1200000, 0x0000000100000000)
  region size 1024K, 3 young (3072K), 3 survivors (3072K)
 Metaspace       used 52596K, capacity 53858K, committed 54144K, reserved 1095680K
  class space    used 7024K, capacity 7513K, committed 7552K, reserved 1048576K
}
Event: 24.294 GC heap before
{Heap before GC invocations=24 (full 0):
 garbage-first heap   total 89088K, used 65675K [0x00000000c1200000, 0x0000000100000000)
  region size 1024K, 41 young (41984K), 3 survivors (3072K)
 Metaspace       used 56769K, capacity 58207K, committed 58368K, reserved 1099776K
  class space    used 7592K, capacity 8178K, committed 8192K, reserved 1048576K
}
Event: 24.308 GC heap after
{Heap after GC invocations=25 (full 0):
 garbage-first heap   total 89088K, used 28404K [0x00000000c1200000, 0x0000000100000000)
  region size 1024K, 4 young (4096K), 4 survivors (4096K)
 Metaspace       used 56769K, capacity 58207K, committed 58368K, reserved 1099776K
  class space    used 7592K, capacity 8178K, committed 8192K, reserved 1048576K
}
Event: 25.265 GC heap before
{Heap before GC invocations=25 (full 0):
 garbage-first heap   total 89088K, used 68340K [0x00000000c1200000, 0x0000000100000000)
  region size 1024K, 43 young (44032K), 4 survivors (4096K)
 Metaspace       used 57816K, capacity 59321K, committed 59520K, reserved 1099776K
  class space    used 7717K, capacity 8291K, committed 8320K, reserved 1048576K
}
Event: 25.285 GC heap after
{Heap after GC invocations=26 (full 0):
 garbage-first heap   total 107520K, used 30620K [0x00000000c1200000, 0x0000000100000000)
  region size 1024K, 6 young (6144K), 6 survivors (6144K)
 Metaspace       used 57816K, capacity 59321K, committed 59520K, reserved 1099776K
  class space    used 7717K, capacity 8291K, committed 8320K, reserved 1048576K
}

